Started GET "/" for ::1 at 2020-10-08 16:36:51 -0700
DEPRECATION WARNING: ActiveRecord::Base.raise_in_transactional_callbacks= is deprecated, has no effect and will be removed without replacement. (called from block (3 levels) in <class:Railtie> at /Users/carlosgarciajr/.rbenv/versions/2.5.1/lib/ruby/gems/2.5.0/gems/activerecord-5.0.7.2/lib/active_record/railtie.rb:113)
Processing by StaticPagesController#index as HTML
  Rendering static_pages/index.html.erb within layouts/application
  Rendered shared/_main_nav.html.erb (0.3ms)
  Rendered shared/_masthead.html.erb (0.2ms)
  Rendered shared/_sections_nav.html.erb (0.2ms)
  Rendered shared/_search_modal.html.erb (0.2ms)
  Rendered shared/_main_content.html.erb (0.2ms)
  Rendered static_pages/index.html.erb within layouts/application (15.2ms)
Completed 200 OK in 362ms (Views: 358.9ms | ActiveRecord: 0.0ms)


Started GET "/assets/application.self-5e5b219656abf8c4e83f7dfd5e5f4f415d8fe2348d16620303a4ed96d1b5a144.css?body=1" for ::1 at 2020-10-08 16:36:52 -0700
Started GET "/" for ::1 at 2020-10-08 16:36:53 -0700
Processing by StaticPagesController#index as HTML
  Rendering static_pages/index.html.erb within layouts/application
  Rendered shared/_main_nav.html.erb (0.2ms)
  Rendered shared/_masthead.html.erb (0.2ms)
  Rendered shared/_sections_nav.html.erb (0.2ms)
  Rendered shared/_search_modal.html.erb (0.2ms)
  Rendered shared/_main_content.html.erb (0.1ms)
  Rendered static_pages/index.html.erb within layouts/application (13.2ms)
Completed 200 OK in 29ms (Views: 26.9ms | ActiveRecord: 0.0ms)


Started GET "/" for ::1 at 2020-10-08 16:37:17 -0700
Processing by StaticPagesController#index as HTML
  Rendering static_pages/index.html.erb within layouts/application
  Rendered shared/_main_nav.html.erb (0.2ms)
  Rendered shared/_masthead.html.erb (0.2ms)
  Rendered shared/_sections_nav.html.erb (0.2ms)
  Rendered shared/_search_modal.html.erb (0.2ms)
  Rendered shared/_main_content.html.erb (0.2ms)
  Rendered static_pages/index.html.erb within layouts/application (14.6ms)
Completed 200 OK in 35ms (Views: 31.8ms | ActiveRecord: 0.0ms)


Started GET "/" for ::1 at 2020-10-08 16:37:20 -0700
Processing by StaticPagesController#index as HTML
  Rendering static_pages/index.html.erb within layouts/application
  Rendered shared/_main_nav.html.erb (0.2ms)
  Rendered shared/_masthead.html.erb (0.2ms)
  Rendered shared/_sections_nav.html.erb (0.2ms)
  Rendered shared/_search_modal.html.erb (0.2ms)
  Rendered shared/_main_content.html.erb (0.2ms)
  Rendered static_pages/index.html.erb within layouts/application (12.8ms)
Completed 200 OK in 30ms (Views: 27.7ms | ActiveRecord: 0.0ms)


Started GET "/" for ::1 at 2020-10-09 09:59:50 -0700
DEPRECATION WARNING: ActiveRecord::Base.raise_in_transactional_callbacks= is deprecated, has no effect and will be removed without replacement. (called from block (3 levels) in <class:Railtie> at /Users/carlosgarciajr/.rbenv/versions/2.5.1/lib/ruby/gems/2.5.0/gems/activerecord-5.0.7.2/lib/active_record/railtie.rb:113)
Processing by StaticPagesController#index as HTML
  Rendering static_pages/index.html.erb within layouts/application
  Rendered shared/_main_nav.html.erb (0.3ms)
  Rendered shared/_masthead.html.erb (0.2ms)
  Rendered shared/_sections_nav.html.erb (0.2ms)
  Rendered shared/_search_modal.html.erb (0.2ms)
  Rendered shared/_main_content.html.erb (0.2ms)
  Rendered static_pages/index.html.erb within layouts/application (15.4ms)
Completed 200 OK in 353ms (Views: 350.1ms | ActiveRecord: 0.0ms)


Started GET "/assets/application.self-7aae4f884d21c0f895d0e25909b4a3857ca3f7bdd4412baf28bf32a8b1f558b1.css?body=1" for ::1 at 2020-10-09 09:59:51 -0700
Started GET "/" for ::1 at 2020-10-09 10:00:16 -0700
Processing by StaticPagesController#index as HTML
  Rendering static_pages/index.html.erb within layouts/application
  Rendered shared/_main_nav.html.erb (0.2ms)
  Rendered shared/_masthead.html.erb (0.2ms)
  Rendered shared/_sections_nav.html.erb (0.1ms)
  Rendered shared/_search_modal.html.erb (0.2ms)
  Rendered shared/_main_content.html.erb (0.4ms)
  Rendered static_pages/index.html.erb within layouts/application (12.9ms)
Completed 200 OK in 34ms (Views: 30.5ms | ActiveRecord: 0.0ms)


Started GET "/assets/new_office.jpg" for ::1 at 2020-10-09 10:00:16 -0700
Started GET "/" for ::1 at 2020-10-09 10:03:51 -0700
Processing by StaticPagesController#index as HTML
  Rendering static_pages/index.html.erb within layouts/application
  Rendered shared/_main_nav.html.erb (0.2ms)
  Rendered shared/_masthead.html.erb (0.2ms)
  Rendered shared/_sections_nav.html.erb (0.3ms)
  Rendered shared/_search_modal.html.erb (0.2ms)
  Rendered shared/_main_content.html.erb (0.3ms)
  Rendered static_pages/index.html.erb within layouts/application (13.1ms)
Completed 200 OK in 109ms (Views: 104.9ms | ActiveRecord: 0.0ms)


Started GET "/assets/application.self-e229079662ba64eec2df88cc9898f07a6b5005419aa37c928d3d684a6d58d3e4.css?body=1" for ::1 at 2020-10-09 10:03:51 -0700
Started GET "/assets/new_office.jpg" for ::1 at 2020-10-09 10:03:51 -0700
Started GET "/" for ::1 at 2020-10-12 13:48:14 -0700
DEPRECATION WARNING: ActiveRecord::Base.raise_in_transactional_callbacks= is deprecated, has no effect and will be removed without replacement. (called from block (3 levels) in <class:Railtie> at /Users/carlosgarciajr/.rbenv/versions/2.5.1/lib/ruby/gems/2.5.0/gems/activerecord-5.0.7.2/lib/active_record/railtie.rb:113)
Processing by StaticPagesController#index as HTML
  Rendering static_pages/index.html.erb within layouts/application
  Rendered shared/_main_nav.html.erb (0.2ms)
  Rendered shared/_masthead.html.erb (0.1ms)
  Rendered shared/_sections_nav.html.erb (0.1ms)
  Rendered shared/_search_modal.html.erb (0.2ms)
  Rendered shared/_main_content.html.erb (0.3ms)
  Rendered static_pages/index.html.erb within layouts/application (14.5ms)
Completed 500 Internal Server Error in 194ms (ActiveRecord: 0.0ms)



Sass::SyntaxError - File to import not found or unreadable: base/grid.scss.
Load paths:
  /Users/carlosgarciajr/Documents/programming/app_academy_work/curriculum/html-css/projects/aa_times/skeleton/app/assets/images
  /Users/carlosgarciajr/Documents/programming/app_academy_work/curriculum/html-css/projects/aa_times/skeleton/app/assets/javascripts
  /Users/carlosgarciajr/Documents/programming/app_academy_work/curriculum/html-css/projects/aa_times/skeleton/app/assets/stylesheets
  /Users/carlosgarciajr/Documents/programming/app_academy_work/curriculum/html-css/projects/aa_times/skeleton/vendor/assets/javascripts
  /Users/carlosgarciajr/Documents/programming/app_academy_work/curriculum/html-css/projects/aa_times/skeleton/vendor/assets/stylesheets
  /Users/carlosgarciajr/.rbenv/versions/2.5.1/lib/ruby/gems/2.5.0/gems/jquery-rails-4.4.0/vendor/assets/javascripts
  /Users/carlosgarciajr/.rbenv/versions/2.5.1/lib/ruby/gems/2.5.0/gems/coffee-rails-4.2.2/lib/assets/javascripts
  /Users/carlosgarciajr/.rbenv/versions/2.5.1/lib/ruby/gems/2.5.0/gems/actioncable-5.0.7.2/lib/assets/compiled:
  app/views/layouts/application.html.erb:7:in `_app_views_layouts_application_html_erb___270333905406359367_70279989431840'

Started POST "/__better_errors/927a171e4587d656/variables" for ::1 at 2020-10-12 13:48:14 -0700
Started GET "/" for ::1 at 2020-10-12 13:48:41 -0700
Processing by StaticPagesController#index as HTML
  Rendering static_pages/index.html.erb within layouts/application
  Rendered shared/_main_nav.html.erb (0.2ms)
  Rendered shared/_masthead.html.erb (0.1ms)
  Rendered shared/_sections_nav.html.erb (0.3ms)
  Rendered shared/_search_modal.html.erb (0.3ms)
  Rendered shared/_main_content.html.erb (0.2ms)
  Rendered static_pages/index.html.erb within layouts/application (12.8ms)
Completed 200 OK in 110ms (Views: 107.4ms | ActiveRecord: 0.0ms)


Started GET "/assets/application.self-1237ad35a9ee79bd64030d4638d1fd80f6734c490eb538e0dd01d7af3c16bf40.css?body=1" for ::1 at 2020-10-12 13:48:41 -0700
Started GET "/" for ::1 at 2020-10-12 13:48:43 -0700
Processing by StaticPagesController#index as HTML
  Rendering static_pages/index.html.erb within layouts/application
  Rendered shared/_main_nav.html.erb (0.2ms)
  Rendered shared/_masthead.html.erb (0.2ms)
  Rendered shared/_sections_nav.html.erb (0.2ms)
  Rendered shared/_search_modal.html.erb (0.2ms)
  Rendered shared/_main_content.html.erb (0.2ms)
  Rendered static_pages/index.html.erb within layouts/application (13.1ms)
Completed 200 OK in 33ms (Views: 29.9ms | ActiveRecord: 0.0ms)


Started GET "/" for ::1 at 2020-10-12 13:55:52 -0700
DEPRECATION WARNING: ActiveRecord::Base.raise_in_transactional_callbacks= is deprecated, has no effect and will be removed without replacement. (called from block (3 levels) in <class:Railtie> at /Users/carlosgarciajr/.rbenv/versions/2.5.1/lib/ruby/gems/2.5.0/gems/activerecord-5.0.7.2/lib/active_record/railtie.rb:113)
Processing by StaticPagesController#index as HTML
  Rendering static_pages/index.html.erb within layouts/application
  Rendered shared/_main_nav.html.erb (0.2ms)
  Rendered shared/_masthead.html.erb (0.1ms)
  Rendered shared/_sections_nav.html.erb (0.3ms)
  Rendered shared/_search_modal.html.erb (0.2ms)
  Rendered shared/_main_content.html.erb (0.3ms)
  Rendered static_pages/index.html.erb within layouts/application (14.6ms)
Completed 200 OK in 257ms (Views: 254.8ms | ActiveRecord: 0.0ms)


Started GET "/assets/application.self-758afe40c177e32f890a8b8e23f11571b5d1785af915c0789bd6a19191afc6ab.css?body=1" for ::1 at 2020-10-12 13:55:52 -0700
Started GET "/assets/new_office.jpg" for ::1 at 2020-10-12 13:55:52 -0700
Started GET "/" for ::1 at 2020-10-12 13:56:32 -0700
Processing by StaticPagesController#index as HTML
  Rendering static_pages/index.html.erb within layouts/application
  Rendered shared/_main_nav.html.erb (0.1ms)
  Rendered shared/_masthead.html.erb (0.2ms)
  Rendered shared/_sections_nav.html.erb (0.1ms)
  Rendered shared/_search_modal.html.erb (0.3ms)
  Rendered shared/_main_content.html.erb (0.3ms)
  Rendered static_pages/index.html.erb within layouts/application (12.3ms)
Completed 200 OK in 75ms (Views: 72.8ms | ActiveRecord: 0.0ms)


Started GET "/assets/application.self-e229079662ba64eec2df88cc9898f07a6b5005419aa37c928d3d684a6d58d3e4.css?body=1" for ::1 at 2020-10-12 13:56:32 -0700
Started GET "/assets/new_office.jpg" for ::1 at 2020-10-12 13:56:32 -0700
Started GET "/" for ::1 at 2020-10-12 13:56:33 -0700
Processing by StaticPagesController#index as HTML
  Rendering static_pages/index.html.erb within layouts/application
  Rendered shared/_main_nav.html.erb (0.2ms)
  Rendered shared/_masthead.html.erb (0.2ms)
  Rendered shared/_sections_nav.html.erb (0.2ms)
  Rendered shared/_search_modal.html.erb (0.2ms)
  Rendered shared/_main_content.html.erb (0.2ms)
  Rendered static_pages/index.html.erb within layouts/application (12.9ms)
Completed 200 OK in 34ms (Views: 31.3ms | ActiveRecord: 0.0ms)


Started GET "/assets/new_office.jpg" for ::1 at 2020-10-12 13:56:33 -0700
Started GET "/" for ::1 at 2020-10-12 13:57:15 -0700
Processing by StaticPagesController#index as HTML
  Rendering static_pages/index.html.erb within layouts/application
  Rendered shared/_main_nav.html.erb (0.2ms)
  Rendered shared/_masthead.html.erb (0.2ms)
  Rendered shared/_sections_nav.html.erb (0.2ms)
  Rendered shared/_search_modal.html.erb (0.2ms)
  Rendered shared/_main_content.html.erb (0.3ms)
  Rendered static_pages/index.html.erb within layouts/application (12.6ms)
Completed 200 OK in 92ms (Views: 88.2ms | ActiveRecord: 0.0ms)


Started GET "/assets/application.self-7aae4f884d21c0f895d0e25909b4a3857ca3f7bdd4412baf28bf32a8b1f558b1.css?body=1" for ::1 at 2020-10-12 13:57:15 -0700
Started GET "/assets/new_office.jpg" for ::1 at 2020-10-12 13:57:15 -0700
Started GET "/cats" for ::1 at 2021-04-08 10:44:59 -0400
DEPRECATION WARNING: ActiveRecord::Base.raise_in_transactional_callbacks= is deprecated, has no effect and will be removed without replacement. (called from block (3 levels) in <class:Railtie> at /Users/Angela/.rbenv/versions/2.5.1/lib/ruby/gems/2.5.0/gems/activerecord-5.0.7.2/lib/active_record/railtie.rb:113)
  
ActionController::RoutingError (No route matches [GET] "/cats"):
  
actionpack (5.0.7.2) lib/action_dispatch/middleware/debug_exceptions.rb:53:in `call'
web-console (3.7.0) lib/web_console/middleware.rb:135:in `call_app'
web-console (3.7.0) lib/web_console/middleware.rb:30:in `block in call'
web-console (3.7.0) lib/web_console/middleware.rb:20:in `catch'
web-console (3.7.0) lib/web_console/middleware.rb:20:in `call'
actionpack (5.0.7.2) lib/action_dispatch/middleware/show_exceptions.rb:31:in `call'
railties (5.0.7.2) lib/rails/rack/logger.rb:36:in `call_app'
railties (5.0.7.2) lib/rails/rack/logger.rb:24:in `block in call'
activesupport (5.0.7.2) lib/active_support/tagged_logging.rb:69:in `block in tagged'
activesupport (5.0.7.2) lib/active_support/tagged_logging.rb:26:in `tagged'
activesupport (5.0.7.2) lib/active_support/tagged_logging.rb:69:in `tagged'
railties (5.0.7.2) lib/rails/rack/logger.rb:24:in `call'
actionpack (5.0.7.2) lib/action_dispatch/middleware/request_id.rb:24:in `call'
rack (2.2.3) lib/rack/method_override.rb:24:in `call'
rack (2.2.3) lib/rack/runtime.rb:22:in `call'
activesupport (5.0.7.2) lib/active_support/cache/strategy/local_cache_middleware.rb:28:in `call'
actionpack (5.0.7.2) lib/action_dispatch/middleware/executor.rb:12:in `call'
rack-livereload (0.3.17) lib/rack/livereload.rb:23:in `_call'
rack-livereload (0.3.17) lib/rack/livereload.rb:14:in `call'
actionpack (5.0.7.2) lib/action_dispatch/middleware/static.rb:136:in `call'
rack (2.2.3) lib/rack/sendfile.rb:110:in `call'
railties (5.0.7.2) lib/rails/engine.rb:522:in `call'
puma (3.12.6) lib/puma/configuration.rb:227:in `call'
puma (3.12.6) lib/puma/server.rb:706:in `handle_request'
puma (3.12.6) lib/puma/server.rb:476:in `process_client'
puma (3.12.6) lib/puma/server.rb:334:in `block in run'
puma (3.12.6) lib/puma/thread_pool.rb:135:in `block in spawn_thread'
  Rendering /Users/Angela/.rbenv/versions/2.5.1/lib/ruby/gems/2.5.0/gems/actionpack-5.0.7.2/lib/action_dispatch/middleware/templates/rescues/routing_error.html.erb within rescues/layout
  Rendering /Users/Angela/.rbenv/versions/2.5.1/lib/ruby/gems/2.5.0/gems/actionpack-5.0.7.2/lib/action_dispatch/middleware/templates/rescues/_trace.html.erb
  Rendered /Users/Angela/.rbenv/versions/2.5.1/lib/ruby/gems/2.5.0/gems/actionpack-5.0.7.2/lib/action_dispatch/middleware/templates/rescues/_trace.html.erb (1.4ms)
  Rendered collection of /Users/Angela/.rbenv/versions/2.5.1/lib/ruby/gems/2.5.0/gems/actionpack-5.0.7.2/lib/action_dispatch/middleware/templates/routes/_route.html.erb [1 times] (1.2ms)
  Rendered /Users/Angela/.rbenv/versions/2.5.1/lib/ruby/gems/2.5.0/gems/actionpack-5.0.7.2/lib/action_dispatch/middleware/templates/routes/_table.html.erb (10.2ms)
  Rendering /Users/Angela/.rbenv/versions/2.5.1/lib/ruby/gems/2.5.0/gems/actionpack-5.0.7.2/lib/action_dispatch/middleware/templates/rescues/_request_and_response.html.erb
  Rendered /Users/Angela/.rbenv/versions/2.5.1/lib/ruby/gems/2.5.0/gems/actionpack-5.0.7.2/lib/action_dispatch/middleware/templates/rescues/_request_and_response.html.erb (13.9ms)
  Rendered /Users/Angela/.rbenv/versions/2.5.1/lib/ruby/gems/2.5.0/gems/actionpack-5.0.7.2/lib/action_dispatch/middleware/templates/rescues/routing_error.html.erb within rescues/layout (253.4ms)
Started GET "/" for ::1 at 2021-04-08 10:45:02 -0400
Processing by StaticPagesController#index as HTML
  Rendering static_pages/index.html.erb within layouts/application
  Rendered shared/_main_nav.html.erb (0.3ms)
  Rendered shared/_masthead.html.erb (0.4ms)
  Rendered shared/_sections_nav.html.erb (0.2ms)
  Rendered shared/_search_modal.html.erb (0.6ms)
  Rendered shared/_main_content.html.erb (0.3ms)
  Rendered static_pages/index.html.erb within layouts/application (20.6ms)
Completed 200 OK in 736ms (Views: 725.6ms | ActiveRecord: 0.0ms)


Started GET "/assets/jquery.self-bd7ddd393353a8d2480a622e80342adf488fb6006d667e8b42e4c0073393abee.js?body=1" for ::1 at 2021-04-08 10:45:03 -0400
Started GET "/assets/components/modal.self-52188644dbb47def5ee35ae02e69eb567ca9b664472357a8a5789dd39032a265.js?body=1" for ::1 at 2021-04-08 10:45:03 -0400
Started GET "/assets/jquery_ujs.self-784a997f6726036b1993eb2217c9cb558e1cbb801c6da88105588c56f13b466a.js?body=1" for ::1 at 2021-04-08 10:45:03 -0400
Started GET "/assets/application.self-90183c0120fc1af1017b2e5307cb974e5640897124ebdecdb130542118ea5653.css?body=1" for ::1 at 2021-04-08 10:45:03 -0400
Started GET "/assets/application.self-f571b9db02bf4ed04c38a6a29072ac382f7d4f47db1fab9817aeadb0d8665235.js?body=1" for ::1 at 2021-04-08 10:45:03 -0400
Started GET "/assets/components/sidebar.self-2a1277f850a6fa21e1a974ef5152f177ac05516477d5081d593bb137b3d6808b.js?body=1" for ::1 at 2021-04-08 10:45:03 -0400
Started GET "/" for ::1 at 2021-04-08 10:47:10 -0400
Processing by StaticPagesController#index as HTML
  Rendering static_pages/index.html.erb within layouts/application
  Rendered shared/_main_nav.html.erb (0.5ms)
  Rendered shared/_masthead.html.erb (0.4ms)
  Rendered shared/_sections_nav.html.erb (0.5ms)
  Rendered shared/_search_modal.html.erb (0.3ms)
  Rendered shared/_main_content.html.erb (0.3ms)
  Rendered static_pages/index.html.erb within layouts/application (17.5ms)
Completed 200 OK in 64ms (Views: 55.6ms | ActiveRecord: 0.0ms)


Started GET "/assets/application.self-90183c0120fc1af1017b2e5307cb974e5640897124ebdecdb130542118ea5653.css?body=1&livereload=1617893255461" for ::1 at 2021-04-08 10:47:35 -0400
Started GET "/assets/application.self-90183c0120fc1af1017b2e5307cb974e5640897124ebdecdb130542118ea5653.css?body=1&livereload=1617893255464" for ::1 at 2021-04-08 10:47:35 -0400
Started GET "/assets/application.self-90183c0120fc1af1017b2e5307cb974e5640897124ebdecdb130542118ea5653.css?body=1&livereload=1617893256351" for ::1 at 2021-04-08 10:47:36 -0400
Started GET "/assets/application.self-90183c0120fc1af1017b2e5307cb974e5640897124ebdecdb130542118ea5653.css?body=1&livereload=1617893256352" for ::1 at 2021-04-08 10:47:36 -0400
Started GET "/assets/application.self-90183c0120fc1af1017b2e5307cb974e5640897124ebdecdb130542118ea5653.css?body=1&livereload=1617893258289" for ::1 at 2021-04-08 10:47:38 -0400
Started GET "/assets/application.self-90183c0120fc1af1017b2e5307cb974e5640897124ebdecdb130542118ea5653.css?body=1&livereload=1617893258290" for ::1 at 2021-04-08 10:47:38 -0400
Started GET "/assets/application.self-90183c0120fc1af1017b2e5307cb974e5640897124ebdecdb130542118ea5653.css?body=1&livereload=1617893261154" for ::1 at 2021-04-08 10:47:41 -0400
Started GET "/assets/application.self-90183c0120fc1af1017b2e5307cb974e5640897124ebdecdb130542118ea5653.css?body=1&livereload=1617893261153" for ::1 at 2021-04-08 10:47:41 -0400
Started GET "/assets/application.self-90183c0120fc1af1017b2e5307cb974e5640897124ebdecdb130542118ea5653.css?body=1&livereload=1617893271510" for ::1 at 2021-04-08 10:47:51 -0400
Started GET "/assets/application.self-90183c0120fc1af1017b2e5307cb974e5640897124ebdecdb130542118ea5653.css?body=1&livereload=1617893271511" for ::1 at 2021-04-08 10:47:51 -0400
Started GET "/assets/application.self-90183c0120fc1af1017b2e5307cb974e5640897124ebdecdb130542118ea5653.css?body=1&livereload=1617893273735" for ::1 at 2021-04-08 10:47:53 -0400
Started GET "/assets/application.self-90183c0120fc1af1017b2e5307cb974e5640897124ebdecdb130542118ea5653.css?body=1&livereload=1617893273736" for ::1 at 2021-04-08 10:47:53 -0400
Started GET "/assets/application.self-90183c0120fc1af1017b2e5307cb974e5640897124ebdecdb130542118ea5653.css?body=1&livereload=1617893299236" for ::1 at 2021-04-08 10:48:19 -0400
Started GET "/assets/application.self-90183c0120fc1af1017b2e5307cb974e5640897124ebdecdb130542118ea5653.css?body=1&livereload=1617893299239" for ::1 at 2021-04-08 10:48:19 -0400
Started GET "/assets/application.self-90183c0120fc1af1017b2e5307cb974e5640897124ebdecdb130542118ea5653.css?body=1&livereload=1617893303042" for ::1 at 2021-04-08 10:48:23 -0400
Started GET "/assets/application.self-90183c0120fc1af1017b2e5307cb974e5640897124ebdecdb130542118ea5653.css?body=1&livereload=1617893303038" for ::1 at 2021-04-08 10:48:23 -0400
Started GET "/assets/application.self-90183c0120fc1af1017b2e5307cb974e5640897124ebdecdb130542118ea5653.css?body=1&livereload=1617893305643" for ::1 at 2021-04-08 10:48:25 -0400
Started GET "/assets/application.self-90183c0120fc1af1017b2e5307cb974e5640897124ebdecdb130542118ea5653.css?body=1&livereload=1617893305646" for ::1 at 2021-04-08 10:48:25 -0400
Started GET "/assets/application.self-90183c0120fc1af1017b2e5307cb974e5640897124ebdecdb130542118ea5653.css?body=1&livereload=1617893315541" for ::1 at 2021-04-08 10:48:35 -0400
Started GET "/assets/application.self-90183c0120fc1af1017b2e5307cb974e5640897124ebdecdb130542118ea5653.css?body=1&livereload=1617893315544" for ::1 at 2021-04-08 10:48:35 -0400
Started GET "/assets/application.self-90183c0120fc1af1017b2e5307cb974e5640897124ebdecdb130542118ea5653.css?body=1&livereload=1617893323488" for ::1 at 2021-04-08 10:48:43 -0400
Started GET "/assets/application.self-90183c0120fc1af1017b2e5307cb974e5640897124ebdecdb130542118ea5653.css?body=1&livereload=1617893323492" for ::1 at 2021-04-08 10:48:43 -0400
Started GET "/assets/application.self-90183c0120fc1af1017b2e5307cb974e5640897124ebdecdb130542118ea5653.css?body=1&livereload=1617893326177" for ::1 at 2021-04-08 10:48:46 -0400
Started GET "/assets/application.self-90183c0120fc1af1017b2e5307cb974e5640897124ebdecdb130542118ea5653.css?body=1&livereload=1617893326175" for ::1 at 2021-04-08 10:48:46 -0400
Started GET "/assets/application.self-90183c0120fc1af1017b2e5307cb974e5640897124ebdecdb130542118ea5653.css?body=1&livereload=1617893328314" for ::1 at 2021-04-08 10:48:48 -0400
Started GET "/assets/application.self-90183c0120fc1af1017b2e5307cb974e5640897124ebdecdb130542118ea5653.css?body=1&livereload=1617893328311" for ::1 at 2021-04-08 10:48:48 -0400
Started GET "/assets/application.self-90183c0120fc1af1017b2e5307cb974e5640897124ebdecdb130542118ea5653.css?body=1&livereload=1617893338476" for ::1 at 2021-04-08 10:48:58 -0400
Started GET "/assets/application.self-90183c0120fc1af1017b2e5307cb974e5640897124ebdecdb130542118ea5653.css?body=1&livereload=1617893338478" for ::1 at 2021-04-08 10:48:58 -0400
Started GET "/assets/application.self-90183c0120fc1af1017b2e5307cb974e5640897124ebdecdb130542118ea5653.css?body=1&livereload=1617893345295" for ::1 at 2021-04-08 10:49:05 -0400
Started GET "/assets/application.self-90183c0120fc1af1017b2e5307cb974e5640897124ebdecdb130542118ea5653.css?body=1&livereload=1617893345298" for ::1 at 2021-04-08 10:49:05 -0400
Started GET "/assets/application.self-90183c0120fc1af1017b2e5307cb974e5640897124ebdecdb130542118ea5653.css?body=1&livereload=1617893350573" for ::1 at 2021-04-08 10:49:10 -0400
Started GET "/assets/application.self-90183c0120fc1af1017b2e5307cb974e5640897124ebdecdb130542118ea5653.css?body=1&livereload=1617893350576" for ::1 at 2021-04-08 10:49:10 -0400
Started GET "/assets/application.self-90183c0120fc1af1017b2e5307cb974e5640897124ebdecdb130542118ea5653.css?body=1&livereload=1617893352235" for ::1 at 2021-04-08 10:49:12 -0400
Started GET "/assets/application.self-90183c0120fc1af1017b2e5307cb974e5640897124ebdecdb130542118ea5653.css?body=1&livereload=1617893352232" for ::1 at 2021-04-08 10:49:12 -0400
Started GET "/assets/application.self-90183c0120fc1af1017b2e5307cb974e5640897124ebdecdb130542118ea5653.css?body=1&livereload=1617893357391" for ::1 at 2021-04-08 10:49:17 -0400
Started GET "/assets/application.self-90183c0120fc1af1017b2e5307cb974e5640897124ebdecdb130542118ea5653.css?body=1&livereload=1617893357394" for ::1 at 2021-04-08 10:49:17 -0400
Started GET "/assets/application.self-90183c0120fc1af1017b2e5307cb974e5640897124ebdecdb130542118ea5653.css?body=1&livereload=1617893360271" for ::1 at 2021-04-08 10:49:20 -0400
Started GET "/assets/application.self-90183c0120fc1af1017b2e5307cb974e5640897124ebdecdb130542118ea5653.css?body=1&livereload=1617893360274" for ::1 at 2021-04-08 10:49:20 -0400
Started GET "/assets/application.self-90183c0120fc1af1017b2e5307cb974e5640897124ebdecdb130542118ea5653.css?body=1&livereload=1617893362236" for ::1 at 2021-04-08 10:49:22 -0400
Started GET "/assets/application.self-90183c0120fc1af1017b2e5307cb974e5640897124ebdecdb130542118ea5653.css?body=1&livereload=1617893362238" for ::1 at 2021-04-08 10:49:22 -0400
Started GET "/assets/application.self-90183c0120fc1af1017b2e5307cb974e5640897124ebdecdb130542118ea5653.css?body=1&livereload=1617893364466" for ::1 at 2021-04-08 10:49:24 -0400
Started GET "/assets/application.self-90183c0120fc1af1017b2e5307cb974e5640897124ebdecdb130542118ea5653.css?body=1&livereload=1617893364469" for ::1 at 2021-04-08 10:49:24 -0400
Started GET "/assets/application.self-90183c0120fc1af1017b2e5307cb974e5640897124ebdecdb130542118ea5653.css?body=1&livereload=1617893367434" for ::1 at 2021-04-08 10:49:27 -0400
Started GET "/assets/application.self-90183c0120fc1af1017b2e5307cb974e5640897124ebdecdb130542118ea5653.css?body=1&livereload=1617893367432" for ::1 at 2021-04-08 10:49:27 -0400
Started GET "/assets/application.self-90183c0120fc1af1017b2e5307cb974e5640897124ebdecdb130542118ea5653.css?body=1&livereload=1617893386198" for ::1 at 2021-04-08 10:49:46 -0400
Started GET "/assets/application.self-90183c0120fc1af1017b2e5307cb974e5640897124ebdecdb130542118ea5653.css?body=1&livereload=1617893386200" for ::1 at 2021-04-08 10:49:46 -0400
Started GET "/assets/application.self-90183c0120fc1af1017b2e5307cb974e5640897124ebdecdb130542118ea5653.css?body=1&livereload=1617893390452" for ::1 at 2021-04-08 10:49:50 -0400
Started GET "/assets/application.self-90183c0120fc1af1017b2e5307cb974e5640897124ebdecdb130542118ea5653.css?body=1&livereload=1617893390455" for ::1 at 2021-04-08 10:49:50 -0400
Started GET "/assets/application.self-90183c0120fc1af1017b2e5307cb974e5640897124ebdecdb130542118ea5653.css?body=1&livereload=1617893422672" for ::1 at 2021-04-08 10:50:22 -0400
Started GET "/assets/application.self-90183c0120fc1af1017b2e5307cb974e5640897124ebdecdb130542118ea5653.css?body=1&livereload=1617893422674" for ::1 at 2021-04-08 10:50:22 -0400
Started GET "/assets/application.self-90183c0120fc1af1017b2e5307cb974e5640897124ebdecdb130542118ea5653.css?body=1&livereload=1617893462144" for ::1 at 2021-04-08 10:51:02 -0400
Started GET "/assets/application.self-90183c0120fc1af1017b2e5307cb974e5640897124ebdecdb130542118ea5653.css?body=1&livereload=1617893462147" for ::1 at 2021-04-08 10:51:02 -0400
Started GET "/assets/application.self-90183c0120fc1af1017b2e5307cb974e5640897124ebdecdb130542118ea5653.css?body=1&livereload=1617893467403" for ::1 at 2021-04-08 10:51:07 -0400
Started GET "/assets/application.self-90183c0120fc1af1017b2e5307cb974e5640897124ebdecdb130542118ea5653.css?body=1&livereload=1617893467405" for ::1 at 2021-04-08 10:51:07 -0400
Started GET "/assets/application.self-90183c0120fc1af1017b2e5307cb974e5640897124ebdecdb130542118ea5653.css?body=1&livereload=1617893474973" for ::1 at 2021-04-08 10:51:14 -0400
Started GET "/assets/application.self-90183c0120fc1af1017b2e5307cb974e5640897124ebdecdb130542118ea5653.css?body=1&livereload=1617893474975" for ::1 at 2021-04-08 10:51:14 -0400
Started GET "/assets/application.self-90183c0120fc1af1017b2e5307cb974e5640897124ebdecdb130542118ea5653.css?body=1&livereload=1617893490265" for ::1 at 2021-04-08 10:51:30 -0400
Started GET "/assets/application.self-90183c0120fc1af1017b2e5307cb974e5640897124ebdecdb130542118ea5653.css?body=1&livereload=1617893490268" for ::1 at 2021-04-08 10:51:30 -0400
Started GET "/assets/application.self-90183c0120fc1af1017b2e5307cb974e5640897124ebdecdb130542118ea5653.css?body=1&livereload=1617893493142" for ::1 at 2021-04-08 10:51:33 -0400
Started GET "/assets/application.self-90183c0120fc1af1017b2e5307cb974e5640897124ebdecdb130542118ea5653.css?body=1&livereload=1617893493145" for ::1 at 2021-04-08 10:51:33 -0400
Started GET "/assets/application.self-90183c0120fc1af1017b2e5307cb974e5640897124ebdecdb130542118ea5653.css?body=1&livereload=1617893497026" for ::1 at 2021-04-08 10:51:37 -0400
Started GET "/assets/application.self-90183c0120fc1af1017b2e5307cb974e5640897124ebdecdb130542118ea5653.css?body=1&livereload=1617893497024" for ::1 at 2021-04-08 10:51:37 -0400
Started GET "/assets/application.self-90183c0120fc1af1017b2e5307cb974e5640897124ebdecdb130542118ea5653.css?body=1&livereload=1617893498140" for ::1 at 2021-04-08 10:51:38 -0400
Started GET "/assets/application.self-90183c0120fc1af1017b2e5307cb974e5640897124ebdecdb130542118ea5653.css?body=1&livereload=1617893498143" for ::1 at 2021-04-08 10:51:38 -0400
Started GET "/assets/application.self-90183c0120fc1af1017b2e5307cb974e5640897124ebdecdb130542118ea5653.css?body=1&livereload=1617893501588" for ::1 at 2021-04-08 10:51:41 -0400
Started GET "/assets/application.self-90183c0120fc1af1017b2e5307cb974e5640897124ebdecdb130542118ea5653.css?body=1&livereload=1617893501590" for ::1 at 2021-04-08 10:51:41 -0400
Started GET "/assets/application.self-90183c0120fc1af1017b2e5307cb974e5640897124ebdecdb130542118ea5653.css?body=1&livereload=1617893553879" for ::1 at 2021-04-08 10:52:33 -0400
Started GET "/assets/application.self-90183c0120fc1af1017b2e5307cb974e5640897124ebdecdb130542118ea5653.css?body=1&livereload=1617893553882" for ::1 at 2021-04-08 10:52:33 -0400
Started GET "/assets/application.self-90183c0120fc1af1017b2e5307cb974e5640897124ebdecdb130542118ea5653.css?body=1&livereload=1617893555201" for ::1 at 2021-04-08 10:52:35 -0400
Started GET "/assets/application.self-90183c0120fc1af1017b2e5307cb974e5640897124ebdecdb130542118ea5653.css?body=1&livereload=1617893555203" for ::1 at 2021-04-08 10:52:35 -0400
Started GET "/assets/application.self-90183c0120fc1af1017b2e5307cb974e5640897124ebdecdb130542118ea5653.css?body=1&livereload=1617893580446" for ::1 at 2021-04-08 10:53:00 -0400
Started GET "/assets/application.self-90183c0120fc1af1017b2e5307cb974e5640897124ebdecdb130542118ea5653.css?body=1&livereload=1617893580450" for ::1 at 2021-04-08 10:53:00 -0400
Started GET "/assets/application.self-90183c0120fc1af1017b2e5307cb974e5640897124ebdecdb130542118ea5653.css?body=1&livereload=1617893633015" for ::1 at 2021-04-08 10:53:53 -0400
Started GET "/assets/application.self-90183c0120fc1af1017b2e5307cb974e5640897124ebdecdb130542118ea5653.css?body=1&livereload=1617893633018" for ::1 at 2021-04-08 10:53:53 -0400
Started GET "/assets/application.self-90183c0120fc1af1017b2e5307cb974e5640897124ebdecdb130542118ea5653.css?body=1&livereload=1617893669284" for ::1 at 2021-04-08 10:54:29 -0400
Started GET "/assets/application.self-90183c0120fc1af1017b2e5307cb974e5640897124ebdecdb130542118ea5653.css?body=1&livereload=1617893669288" for ::1 at 2021-04-08 10:54:29 -0400
Started GET "/assets/application.self-90183c0120fc1af1017b2e5307cb974e5640897124ebdecdb130542118ea5653.css?body=1&livereload=1617893672446" for ::1 at 2021-04-08 10:54:32 -0400
Started GET "/assets/application.self-90183c0120fc1af1017b2e5307cb974e5640897124ebdecdb130542118ea5653.css?body=1&livereload=1617893672449" for ::1 at 2021-04-08 10:54:32 -0400
Started GET "/assets/application.self-90183c0120fc1af1017b2e5307cb974e5640897124ebdecdb130542118ea5653.css?body=1&livereload=1617893674378" for ::1 at 2021-04-08 10:54:34 -0400
Started GET "/assets/application.self-90183c0120fc1af1017b2e5307cb974e5640897124ebdecdb130542118ea5653.css?body=1&livereload=1617893674381" for ::1 at 2021-04-08 10:54:34 -0400
Started GET "/assets/application.self-90183c0120fc1af1017b2e5307cb974e5640897124ebdecdb130542118ea5653.css?body=1&livereload=1617893739659" for ::1 at 2021-04-08 10:55:39 -0400
Started GET "/assets/application.self-90183c0120fc1af1017b2e5307cb974e5640897124ebdecdb130542118ea5653.css?body=1&livereload=1617893739661" for ::1 at 2021-04-08 10:55:39 -0400
Started GET "/assets/application.self-90183c0120fc1af1017b2e5307cb974e5640897124ebdecdb130542118ea5653.css?body=1&livereload=1617893740593" for ::1 at 2021-04-08 10:55:40 -0400
Started GET "/assets/application.self-90183c0120fc1af1017b2e5307cb974e5640897124ebdecdb130542118ea5653.css?body=1&livereload=1617893740596" for ::1 at 2021-04-08 10:55:40 -0400
Started GET "/assets/application.self-90183c0120fc1af1017b2e5307cb974e5640897124ebdecdb130542118ea5653.css?body=1&livereload=1617893757141" for ::1 at 2021-04-08 10:55:57 -0400
Started GET "/assets/application.self-90183c0120fc1af1017b2e5307cb974e5640897124ebdecdb130542118ea5653.css?body=1&livereload=1617893757144" for ::1 at 2021-04-08 10:55:57 -0400
Started GET "/assets/application.self-90183c0120fc1af1017b2e5307cb974e5640897124ebdecdb130542118ea5653.css?body=1&livereload=1617893764577" for ::1 at 2021-04-08 10:56:04 -0400
Started GET "/assets/application.self-90183c0120fc1af1017b2e5307cb974e5640897124ebdecdb130542118ea5653.css?body=1&livereload=1617893764575" for ::1 at 2021-04-08 10:56:04 -0400
Started GET "/assets/application.self-90183c0120fc1af1017b2e5307cb974e5640897124ebdecdb130542118ea5653.css?body=1&livereload=1617893962503" for ::1 at 2021-04-08 10:59:22 -0400
Started GET "/assets/application.self-90183c0120fc1af1017b2e5307cb974e5640897124ebdecdb130542118ea5653.css?body=1&livereload=1617893962506" for ::1 at 2021-04-08 10:59:22 -0400
Started GET "/assets/application.self-90183c0120fc1af1017b2e5307cb974e5640897124ebdecdb130542118ea5653.css?body=1&livereload=1617893964170" for ::1 at 2021-04-08 10:59:24 -0400
Started GET "/assets/application.self-90183c0120fc1af1017b2e5307cb974e5640897124ebdecdb130542118ea5653.css?body=1&livereload=1617893964173" for ::1 at 2021-04-08 10:59:24 -0400
Started GET "/assets/application.self-90183c0120fc1af1017b2e5307cb974e5640897124ebdecdb130542118ea5653.css?body=1&livereload=1617893970073" for ::1 at 2021-04-08 10:59:30 -0400
Started GET "/assets/application.self-90183c0120fc1af1017b2e5307cb974e5640897124ebdecdb130542118ea5653.css?body=1&livereload=1617893970076" for ::1 at 2021-04-08 10:59:30 -0400
Started GET "/assets/application.self-90183c0120fc1af1017b2e5307cb974e5640897124ebdecdb130542118ea5653.css?body=1&livereload=1617893973200" for ::1 at 2021-04-08 10:59:33 -0400
Started GET "/assets/application.self-90183c0120fc1af1017b2e5307cb974e5640897124ebdecdb130542118ea5653.css?body=1&livereload=1617893973203" for ::1 at 2021-04-08 10:59:33 -0400
Started GET "/assets/application.self-90183c0120fc1af1017b2e5307cb974e5640897124ebdecdb130542118ea5653.css?body=1&livereload=1617893976458" for ::1 at 2021-04-08 10:59:36 -0400
Started GET "/assets/application.self-90183c0120fc1af1017b2e5307cb974e5640897124ebdecdb130542118ea5653.css?body=1&livereload=1617893976461" for ::1 at 2021-04-08 10:59:36 -0400
Started GET "/assets/application.self-90183c0120fc1af1017b2e5307cb974e5640897124ebdecdb130542118ea5653.css?body=1&livereload=1617893980151" for ::1 at 2021-04-08 10:59:40 -0400
Started GET "/assets/application.self-90183c0120fc1af1017b2e5307cb974e5640897124ebdecdb130542118ea5653.css?body=1&livereload=1617893980148" for ::1 at 2021-04-08 10:59:40 -0400
Started GET "/assets/application.self-90183c0120fc1af1017b2e5307cb974e5640897124ebdecdb130542118ea5653.css?body=1&livereload=1617893981635" for ::1 at 2021-04-08 10:59:41 -0400
Started GET "/assets/application.self-90183c0120fc1af1017b2e5307cb974e5640897124ebdecdb130542118ea5653.css?body=1&livereload=1617893981632" for ::1 at 2021-04-08 10:59:41 -0400
Started GET "/assets/application.self-90183c0120fc1af1017b2e5307cb974e5640897124ebdecdb130542118ea5653.css?body=1&livereload=1617893985318" for ::1 at 2021-04-08 10:59:45 -0400
Started GET "/assets/application.self-90183c0120fc1af1017b2e5307cb974e5640897124ebdecdb130542118ea5653.css?body=1&livereload=1617893985320" for ::1 at 2021-04-08 10:59:45 -0400
Started GET "/assets/application.self-90183c0120fc1af1017b2e5307cb974e5640897124ebdecdb130542118ea5653.css?body=1&livereload=1617893989297" for ::1 at 2021-04-08 10:59:49 -0400
Started GET "/assets/application.self-90183c0120fc1af1017b2e5307cb974e5640897124ebdecdb130542118ea5653.css?body=1&livereload=1617893989299" for ::1 at 2021-04-08 10:59:49 -0400
Started GET "/assets/application.self-90183c0120fc1af1017b2e5307cb974e5640897124ebdecdb130542118ea5653.css?body=1&livereload=1617893991872" for ::1 at 2021-04-08 10:59:51 -0400
Started GET "/assets/application.self-90183c0120fc1af1017b2e5307cb974e5640897124ebdecdb130542118ea5653.css?body=1&livereload=1617893991875" for ::1 at 2021-04-08 10:59:51 -0400
Started GET "/assets/application.self-90183c0120fc1af1017b2e5307cb974e5640897124ebdecdb130542118ea5653.css?body=1&livereload=1617894003601" for ::1 at 2021-04-08 11:00:03 -0400
Started GET "/assets/application.self-90183c0120fc1af1017b2e5307cb974e5640897124ebdecdb130542118ea5653.css?body=1&livereload=1617894003603" for ::1 at 2021-04-08 11:00:03 -0400
Started GET "/assets/application.self-90183c0120fc1af1017b2e5307cb974e5640897124ebdecdb130542118ea5653.css?body=1&livereload=1617894007841" for ::1 at 2021-04-08 11:00:07 -0400
Started GET "/assets/application.self-90183c0120fc1af1017b2e5307cb974e5640897124ebdecdb130542118ea5653.css?body=1&livereload=1617894007843" for ::1 at 2021-04-08 11:00:07 -0400
Started GET "/assets/application.self-90183c0120fc1af1017b2e5307cb974e5640897124ebdecdb130542118ea5653.css?body=1&livereload=1617894015782" for ::1 at 2021-04-08 11:00:15 -0400
Started GET "/assets/application.self-90183c0120fc1af1017b2e5307cb974e5640897124ebdecdb130542118ea5653.css?body=1&livereload=1617894015785" for ::1 at 2021-04-08 11:00:15 -0400
Started GET "/" for ::1 at 2021-04-08 11:00:18 -0400
Processing by StaticPagesController#index as HTML
  Rendering static_pages/index.html.erb within layouts/application
  Rendered shared/_main_nav.html.erb (0.3ms)
  Rendered shared/_masthead.html.erb (0.4ms)
  Rendered shared/_sections_nav.html.erb (1.1ms)
  Rendered shared/_search_modal.html.erb (0.5ms)
  Rendered shared/_main_content.html.erb (0.5ms)
  Rendered static_pages/index.html.erb within layouts/application (20.7ms)
Completed 200 OK in 137ms (Views: 118.8ms | ActiveRecord: 0.0ms)


Started GET "/assets/application.self-035a56b2012299613df5d45a611081ff1fd2eb315c1cf4b56047c13568bacc0d.css?body=1" for ::1 at 2021-04-08 11:00:18 -0400
Started GET "/assets/application.self-035a56b2012299613df5d45a611081ff1fd2eb315c1cf4b56047c13568bacc0d.css?body=1&livereload=1617894028500" for ::1 at 2021-04-08 11:00:28 -0400
Started GET "/assets/application.self-035a56b2012299613df5d45a611081ff1fd2eb315c1cf4b56047c13568bacc0d.css?body=1&livereload=1617894028504" for ::1 at 2021-04-08 11:00:28 -0400
Started GET "/" for ::1 at 2021-04-08 11:00:30 -0400
Processing by StaticPagesController#index as HTML
  Rendering static_pages/index.html.erb within layouts/application
  Rendered shared/_main_nav.html.erb (0.3ms)
  Rendered shared/_masthead.html.erb (0.3ms)
  Rendered shared/_sections_nav.html.erb (0.4ms)
  Rendered shared/_search_modal.html.erb (0.3ms)
  Rendered shared/_main_content.html.erb (0.4ms)
  Rendered static_pages/index.html.erb within layouts/application (16.1ms)
Completed 200 OK in 47ms (Views: 44.1ms | ActiveRecord: 0.0ms)


Started GET "/assets/application.self-27ce6ae86649bd8fdb7a0fabd5d336c07f236d11050123f4db91e800bf92c9ae.css?body=1" for ::1 at 2021-04-08 11:00:30 -0400
Started GET "/assets/application.self-27ce6ae86649bd8fdb7a0fabd5d336c07f236d11050123f4db91e800bf92c9ae.css?body=1&livereload=1617894070659" for ::1 at 2021-04-08 11:01:10 -0400
Started GET "/assets/application.self-27ce6ae86649bd8fdb7a0fabd5d336c07f236d11050123f4db91e800bf92c9ae.css?body=1&livereload=1617894070662" for ::1 at 2021-04-08 11:01:10 -0400
Started GET "/assets/application.self-27ce6ae86649bd8fdb7a0fabd5d336c07f236d11050123f4db91e800bf92c9ae.css?body=1&livereload=1617894076188" for ::1 at 2021-04-08 11:01:16 -0400
Started GET "/assets/application.self-27ce6ae86649bd8fdb7a0fabd5d336c07f236d11050123f4db91e800bf92c9ae.css?body=1&livereload=1617894076191" for ::1 at 2021-04-08 11:01:16 -0400
Started GET "/assets/application.self-27ce6ae86649bd8fdb7a0fabd5d336c07f236d11050123f4db91e800bf92c9ae.css?body=1&livereload=1617894081461" for ::1 at 2021-04-08 11:01:21 -0400
Started GET "/assets/application.self-27ce6ae86649bd8fdb7a0fabd5d336c07f236d11050123f4db91e800bf92c9ae.css?body=1&livereload=1617894081464" for ::1 at 2021-04-08 11:01:21 -0400
